<?xml version="1.0" encoding="UTF-8"?>
<!-- Generated by org.testng.reporters.JUnitXMLReporter -->
<testsuite ignored="0" hostname="INLEN8520037165" failures="1" tests="3" name="Stand Alone Test" time="29.033" errors="0" timestamp="2024-07-10T12:24:09 IST">
  <testcase classname="FrameWorks.SeleniumFrameworkDesign.StandAloneTest" name="StandAlone" time="8.615"/>
  <testcase classname="FrameWorks.SeleniumFrameworkDesign.StandAloneTest" name="StandAlone" time="5.094">
    <failure type="java.lang.AssertionError" message="expected [true] but found [false]">
      <![CDATA[java.lang.AssertionError: expected [true] but found [false]
at FrameWorks.SeleniumFrameworkDesign.StandAloneTest.StandAlone(StandAloneTest.java:32)
at java.base/java.util.ArrayList.forEach(ArrayList.java:1511)
at java.base/java.util.concurrent.FutureTask.run(FutureTask.java:264)
at java.base/java.util.concurrent.ThreadPoolExecutor.runWorker(ThreadPoolExecutor.java:1136)
at java.base/java.util.concurrent.ThreadPoolExecutor$Worker.run(ThreadPoolExecutor.java:635)
at java.base/java.lang.Thread.run(Thread.java:833)
... Removed 21 stack frames]]>
    </failure>
  </testcase> <!-- StandAlone -->
  <testcase classname="FrameWorks.SeleniumFrameworkDesign.StandAloneTest" name="OrderIsDisplayed" time="3.653"/>
</testsuite> <!-- Stand Alone Test -->
