<?xml version="1.0" encoding="UTF-8"?>
<!-- Generated by org.testng.reporters.JUnitXMLReporter -->
<testsuite ignored="0" hostname="INLEN8520037165" failures="1" tests="6" name="Command line test" time="54.351" errors="0" timestamp="2024-07-11T12:50:02 IST">
  <testcase classname="FrameWorks.SeleniumFrameworkDesign.ErrorValidationsTest" name="loginErrorValidation" time="2.9">
    <skipped/>
  </testcase> <!-- loginErrorValidation -->
  <testcase classname="FrameWorks.SeleniumFrameworkDesign.ErrorValidationsTest" name="loginErrorValidation" time="1.473">
    <failure type="java.lang.AssertionError" message="expected [Incorrect email password.] but found []">
      <![CDATA[java.lang.AssertionError: expected [Incorrect email password.] but found []
at FrameWorks.SeleniumFrameworkDesign.ErrorValidationsTest.loginErrorValidation(ErrorValidationsTest.java:19)
at java.base/java.util.ArrayList.forEach(ArrayList.java:1541)
... Removed 43 stack frames]]>
    </failure>
  </testcase> <!-- loginErrorValidation -->
  <testcase classname="FrameWorks.SeleniumFrameworkDesign.ErrorValidationsTest" name="productErrorValidation" time="6.822"/>
  <testcase classname="FrameWorks.SeleniumFrameworkDesign.StandAloneTest" name="StandAlone" time="8.315"/>
  <testcase classname="FrameWorks.SeleniumFrameworkDesign.StandAloneTest" name="StandAlone" time="8.357"/>
  <testcase classname="FrameWorks.SeleniumFrameworkDesign.StandAloneTest" name="OrderIsDisplayed" time="2.18"/>
</testsuite> <!-- Command line test -->
